C51 COMPILER V9.01   EXAMPLE                                                               05/06/2018 13:23:03 PAGE 1   


C51 COMPILER V9.01, COMPILATION OF MODULE EXAMPLE
OBJECT MODULE PLACED IN Example.OBJ
COMPILER INVOKED BY: D:\Keil_v5\C51\BIN\C51.EXE Example.c BROWSE DEBUG OBJECTEXTEND

line level    source

   1          #include<reg52.h>
   2                                                                  
   3          sbit S1=P0^1;   //¹âµç
   4                                                          
   5          void Sleep(unsigned char z)
   6          {
   7   1              unsigned char i,j;
   8   1              while(z--)
   9   1                      for(i=0;i<255;i++)
  10   1                              for(j=0;j<255;j++);
  11   1      }
  12          
  13          void main()
  14          {                
  15   1              while(1){       
  16   2                      if(S1==1)
  17   2                              P2=~1;
  18   2                      else if(S1==0)
  19   2                              P2=~4;
  20   2                      else
  21   2                              P2=~0;
  22   2              }
  23   1      }                                       


MODULE INFORMATION:   STATIC OVERLAYABLE
   CODE SIZE        =     45    ----
   CONSTANT SIZE    =   ----    ----
   XDATA SIZE       =   ----    ----
   PDATA SIZE       =   ----    ----
   DATA SIZE        =   ----    ----
   IDATA SIZE       =   ----    ----
   BIT SIZE         =   ----    ----
END OF MODULE INFORMATION.


C51 COMPILATION COMPLETE.  0 WARNING(S),  0 ERROR(S)
